<?xml version="1.0" encoding="UTF-8"?>
<testng-results skipped="0" failed="0" ignored="0" total="1" passed="1">
  <reporter-output>
  </reporter-output>
  <suite name="Default suite" duration-ms="57203" started-at="2019-12-12T05:17:44Z" finished-at="2019-12-12T05:18:41Z">
    <groups>
    </groups>
    <test name="Default test" duration-ms="57203" started-at="2019-12-12T05:17:44Z" finished-at="2019-12-12T05:18:41Z">
      <class name="testScripts.FlipkartTestScript">
        <test-method status="PASS" signature="testFlipkart()[pri:0, instance:testScripts.FlipkartTestScript@528931cf]" name="testFlipkart" duration-ms="57140" started-at="2019-12-12T05:17:44Z" finished-at="2019-12-12T05:18:41Z">
          <reporter-output>
          </reporter-output>
        </test-method> <!-- testFlipkart -->
      </class> <!-- testScripts.FlipkartTestScript -->
    </test> <!-- Default test -->
  </suite> <!-- Default suite -->
</testng-results>
